Log started at 30.04.2022	05:07:22
Number of used processors (NPROC): 8.
Number of mesh partitions (NPART): 8.
Total Physical Memory = 7.87 Gb, Available Physical Memory = 1.31 Gb
Computer name:	DURGANSH
Operating system:	Windows 10 (or higher) (Version 10.0.22000)

SOLIDWORKS 2020 SP0.0
Flow Simulation 2020  x64 / 4708 / MESHER ver. efd_dev.4663_05.07.2019 

Project: E:\Study\BTP\1\1.xmlconfig
Configuration name: Default
Project name: BTP
NGK: OFF
MBO: OFF

Mesh generation started:	30.4.2022	5:7:22
-----------------------------------------------------------------------
Mesher option run = eRunMesherNormal
-----------------------------------------------------------------------
Current CPU = 0 sec
-----------------------------------------------------------------------
Geometries initialization:
-----------------------------------------------------------------------
Loading mesh settings (global/local)...
-----------------------------------------------------------------------
Number of geometries from DB: 1
Geometry(0):
	Guid = {00000000-0000-0000-0000-000000000000}
	Fluid..
	1 Body.
	1 Real body.
	-- Bodyset 0 --
		Tolerance=4.39075e-05.
		14 Face(s).
			14 of b-spline type.
		0 Face(s) that have no ref faces
		5 Plane surface(s).
		5 Cylinder surface(s).
		1 Cone surface(s).
		1 Sphere surface(s).
		2 Torus surface(s).
		24764 Triangle(s).
		Getting triangle connectivities from DB: 0.007 s
		13 Edge(s).
			13 of b-spline type.
		BodyGeom reading: 0.046 s.
		14 Reference Face(s).
		24764 Reference Triangles.
		Getting triangle connectivities from DB (Ref): 0.007 s
		BodyGeom Ref reading: 0.011 s.
		Getting triangle connectivities from DB (Extra Triangulation): 0.004 s
Geometry(1):
	Solid.
	-- Bodyset 1 --
	Empty
-----------------------------------------------------------------------
Number of geometries in task: 2
Number of bodysets   in task: 2
-----------------------------------------------------------------------
	Making hash and connectivity for Bodyset ...
		CBodyGeom:
		Hash size: {32, 34, 33}.
		Mesh size: {32, 34, 33}.
		Hashing triangles...Ok.
			axis(0) tr sizes: average=78 max=1170
			axis(1) tr sizes: average=81 max=580
			axis(2) tr sizes: average=77 max=1076
		Number of t-connected sets:1
			(0) size=24764
		Done.
		CBodyGeomRef:
		Hashing triangles...Ok.
			axis(0) tr sizes: average=75 max=1166
			axis(1) tr sizes: average=77 max=568
			axis(2) tr sizes: average=74 max=1041
		Done.
	0.058 s.
Geometries reading and preparing has taken 0.136 s.

Mapped triangles:
Hashing geometries triangles
	Triangles num=24764
	Triangles box={-0.0978499  ,0.0978501  ,-0.175689  ,0.165177  ,-0.0978499  ,0.0978501  }
		3d-hash size is 283180 bytes
Hashing peculiar surfaces triangles
Mapped triangles processed in 0.053 s.
-----------------------------------------------------------------------
Getting sectors:
Number of sectors: 0
-----------------------------------------------------------------------
-----------------------------------------------------------------------

Current CPU = 0 sec

-----------------------------------------------------------------------
Mesh dimensions:
				I[0 ]=32
				I[1 ]=34
				I[2 ]=33

Comp. domain size:
				a[0  ]=-0.68495
				a[1  ]=0.68495
				a[2  ]=-0.651561
				a[3  ]=0.704553
				a[4  ]=-0.701837
				a[5  ]=0.663261

Fluid calculated			1
Solid calculated			0
-----------------------------------------------------------------------
MESH Build started...
-----------------------------------------------------------------------
Mesh LEVEL = 1
-----------------------------------------------------------------------
Setting regions...OK (0.001 s)
Base mesh info------------------
	2D flag  =0
	Period   =[0, 0, 0]
	Nx=32
		x[0]=-0.68495
		x[1]=-0.624928
		x[2]=-0.567833
		x[3]=-0.513505
		x[4]=-0.461809
		x[5]=-0.412619
		x[6]=-0.365813
		x[7]=-0.321275
		x[8]=-0.278895
		x[9]=-0.238569
		x[10]=-0.200197
		x[11]=-0.163685
		x[12]=-0.128942
		x[13]=-0.0958826
		x[14]=-0.0639186
		x[15]=-0.0319542
		x[16]=1.00954e-05
		x[17]=0.0319744
		x[18]=0.0639388
		x[19]=0.0959031
		x[20]=0.12896
		x[21]=0.163701
		x[22]=0.200212
		x[23]=0.238583
		x[24]=0.278909
		x[25]=0.321289
		x[26]=0.365828
		x[27]=0.412636
		x[28]=0.461829
		x[29]=0.513528
		x[30]=0.56786
		x[31]=0.62496
		x[32]=0.68495
	Ny=34
		y[0]=-0.651561
		y[1]=-0.592422
		y[2]=-0.536273
		y[3]=-0.482947
		y[4]=-0.432303
		y[5]=-0.384206
		y[6]=-0.338528
		y[7]=-0.295146
		y[8]=-0.253946
		y[9]=-0.214818
		y[10]=-0.179891
		y[11]=-0.144962
		y[12]=-0.110033
		y[13]=-0.0751042
		y[14]=-0.0401754
		y[15]=-0.00524652
		y[16]=0.0322097
		y[17]=0.0696652
		y[18]=0.107121
		y[19]=0.144576
		y[20]=0.182032
		y[21]=0.219487
		y[22]=0.256943
		y[23]=0.294398
		y[24]=0.331854
		y[25]=0.36931
		y[26]=0.406765
		y[27]=0.444221
		y[28]=0.481676
		y[29]=0.519132
		y[30]=0.556587
		y[31]=0.591169
		y[32]=0.627312
		y[33]=0.665086
		y[34]=0.704553
	Nz=33
		z[0]=-0.701837
		z[1]=-0.64415
		z[2]=-0.58912
		z[3]=-0.536611
		z[4]=-0.486508
		z[5]=-0.438701
		z[6]=-0.393085
		z[7]=-0.349559
		z[8]=-0.308027
		z[9]=-0.268399
		z[10]=-0.230586
		z[11]=-0.194506
		z[12]=-0.160079
		z[13]=-0.12723
		z[14]=-0.0958857
		z[15]=-0.0639212
		z[16]=-0.0319569
		z[17]=7.42823e-06
		z[18]=0.0319718
		z[19]=0.0639361
		z[20]=0.0959004
		z[21]=0.128055
		z[22]=0.161797
		z[23]=0.197207
		z[24]=0.234366
		z[25]=0.27336
		z[26]=0.314281
		z[27]=0.357223
		z[28]=0.402286
		z[29]=0.449575
		z[30]=0.4992
		z[31]=0.551277
		z[32]=0.605926
		z[33]=0.663261
End of base mesh info---------
Input_mesh_settings--------------------------------
Settings 0----------------
	Scope: GLOBAL
	Type:	------MESHER_SETTINGS----------
	RefAllCells           =0
	RefFluidCells         =0
	RefPartCells          =0
	RefSolidCells         =0
	l_SSFR(Capture crit)  =1
	l_curv(Curvature crit)=0
	l_tol(Tolerance crit) =0
	UseChannelRef         =1
	  NCR_method          =0
	  l_NCR               =1
	  N_gap               =5
	  Use d_NCR_min       =0
	  Use d_NCR_max       =0
	IgnoreThinChannelsHeight         =0
	--END_OF_MESHER_SETTINGS-------
End of input mesh settings-------------------------

-----------------------------------------------------------------------
Building geometries:
-----------------------------------------------------------------------
Building body-set (0) of geometry Fluid.0.(0). ...

-----------------------------------------------------------------------
Refining by triangulation...
Refinement input: 35904 bricks
Refinement result: 35904 bricks (0.140 s)
Refinement input: 35904 bricks
Refinement result: 35904 bricks (0.002 s)
Collecting and processing rays...OK (0.060 s)
Capturing...OK (0.005 s)
Refining by triangulation takes 0.208 s
-----------------------------------------------------------------------

-----------------------------------------------------------------------
Refining peculiar surfaces...
0 surfaces refined
Refining peculiar surfaces takes 0 s
-----------------------------------------------------------------------
Collecting and processing rays...OK (0.001 s)
Capturing...OK (0.000 s)
Collecting and processing rays...OK (0.001 s)
Capturing...OK (0.000 s)
Collecting and processing rays...OK (0.001 s)
Capturing...OK (0.000 s)

-----------------------------------------------------------------------
Base mesh 1 Refining...
Refinement input: 35904 bricks
Refinement result: 35904 bricks (0.000 s)
Collecting and processing rays...OK (0.000 s)
Capturing...OK (0.000 s)
-----------------------------------------------------------------------
Refining channels...
FYI: CNarrowChannelRefiner::RefineChannels_PRLL
FYI: m_iteration_count = 0
FYI: level1 statistics:
     level1_cnt_plus[1]=0;		level1_cnt_minus[1]=0
     level1_cnt_plus[2]=0;		level1_cnt_minus[2]=0
     level1_cnt_plus[3]=0;		level1_cnt_minus[3]=0
     level1_cnt_plus[4]=0;		level1_cnt_minus[4]=0
     level1_cnt_plus[5]=0;		level1_cnt_minus[5]=0
     level1_cnt_plus[6]=0;		level1_cnt_minus[6]=0
     level1_cnt_plus[7]=0;		level1_cnt_minus[7]=0
     level1_cnt_plus[8]=0;		level1_cnt_minus[8]=0
     level1_cnt_plus[9]=0;		level1_cnt_minus[9]=0
FYI: level1 statistics:
     level1_cnt_plus[1]=0;		level1_cnt_minus[1]=0
     level1_cnt_plus[2]=0;		level1_cnt_minus[2]=0
     level1_cnt_plus[3]=0;		level1_cnt_minus[3]=0
     level1_cnt_plus[4]=0;		level1_cnt_minus[4]=0
     level1_cnt_plus[5]=0;		level1_cnt_minus[5]=0
     level1_cnt_plus[6]=0;		level1_cnt_minus[6]=0
     level1_cnt_plus[7]=0;		level1_cnt_minus[7]=0
     level1_cnt_plus[8]=0;		level1_cnt_minus[8]=0
     level1_cnt_plus[9]=0;		level1_cnt_minus[9]=0

-----------------------------------------------------------------------
U-shapes refinement...
Refinement input: 35904 bricks
Refinement result: 35904 bricks (0.008 s)
Collecting and processing rays...OK (0.001 s)
Capturing...OK (0.000 s)
-----------------------------------------------------------------------

-----------------------------------------------------------------------
Equi Distant Refiner:
Equi Distant Refiner takes 0.00 s
-----------------------------------------------------------------------
Building geometry takes 0.365 s
Geometry Fluid.0.
Total		35904
Partial	176
Fluid		35696
Solid		32
Bad		0

/-Ray Intersection---------------/ Time	0.188 s
Calls			3467
CorrectRay Calls	0



-----------------------------------------------------------------------
Building geometries takes 0.368 s
-----------------------------------------------------------------------

-----------------------------------------------------------------------
PostBuilding geometries:
-----------------------------------------------------------------------
PostBuilding body-set (0) geometry Fluid.0. (0)...
Collecting and processing rays...OK (0.000 s)
Capturing...OK (0.000 s)
PostBuilding geometry takes 0.001 s
Geometry Fluid.0.
Total		35904
Partial	176
Fluid		35696
Solid		32
Bad		0

-----------------------------------------------------------------------
PostBuilding geometries takes 0.003 s
-----------------------------------------------------------------------
Defect ray count	0
FYI: CNarrowChannelRefiner::RedistributeLevel1_step_1: is finished
FYI: level1 statistics:
     level1_cnt_plus[1]=0;		level1_cnt_minus[1]=0
     level1_cnt_plus[2]=0;		level1_cnt_minus[2]=0
     level1_cnt_plus[3]=0;		level1_cnt_minus[3]=0
     level1_cnt_plus[4]=0;		level1_cnt_minus[4]=0
     level1_cnt_plus[5]=0;		level1_cnt_minus[5]=0
     level1_cnt_plus[6]=0;		level1_cnt_minus[6]=0
     level1_cnt_plus[7]=0;		level1_cnt_minus[7]=0
     level1_cnt_plus[8]=0;		level1_cnt_minus[8]=0
     level1_cnt_plus[9]=0;		level1_cnt_minus[9]=0
FYI: CNarrowChannelRefiner::RedistributeLevel1_step_2: is started
FYI: CNarrowChannelRefiner::RedistributeLevel1_step_2: is finished
FYI: level1 statistics:
     level1_cnt_plus[1]=0;		level1_cnt_minus[1]=0
     level1_cnt_plus[2]=0;		level1_cnt_minus[2]=0
     level1_cnt_plus[3]=0;		level1_cnt_minus[3]=0
     level1_cnt_plus[4]=0;		level1_cnt_minus[4]=0
     level1_cnt_plus[5]=0;		level1_cnt_minus[5]=0
     level1_cnt_plus[6]=0;		level1_cnt_minus[6]=0
     level1_cnt_plus[7]=0;		level1_cnt_minus[7]=0
     level1_cnt_plus[8]=0;		level1_cnt_minus[8]=0
     level1_cnt_plus[9]=0;		level1_cnt_minus[9]=0
FYI: CNarrowChannelRefiner::RedistributeLevel1_step_3: is started
FYI: CNarrowChannelRefiner::RedistributeLevel1_step_3: is finished
RedistributeLevel1 takes:
FYI: level1 statistics:
     level1_cnt_plus[1]=0;		level1_cnt_minus[1]=0
     level1_cnt_plus[2]=0;		level1_cnt_minus[2]=0
     level1_cnt_plus[3]=0;		level1_cnt_minus[3]=0
     level1_cnt_plus[4]=0;		level1_cnt_minus[4]=0
     level1_cnt_plus[5]=0;		level1_cnt_minus[5]=0
     level1_cnt_plus[6]=0;		level1_cnt_minus[6]=0
     level1_cnt_plus[7]=0;		level1_cnt_minus[7]=0
     level1_cnt_plus[8]=0;		level1_cnt_minus[8]=0
     level1_cnt_plus[9]=0;		level1_cnt_minus[9]=0
-----------------------------------------------------------------------
MSH format builder (Iteration 0)
-----------------------------------------------------------------------
Memory Working Set Current = 51.81 Mb, Memory Working Set Peak = 53.57 Mb
Process Threads Number: 21
-----------------------------------------------------------------------
Loading geometries triangulation & x-stacks...OK
x-stacks size = 0.05 Mb
Total bricks count: 35904
-----------------------------------------------------------------------
MSH (Real Geometry) format constructor:
	Getting brick sets...OK (0.003 s)
	Min x-stack xeps = 0.0423267
	D / dh / eps [axis=0] = (1.3699, 0.031964, 3.1964e-05)
	D / dh / eps [axis=1] = (1.35611, 0.0345816, 3.45816e-05)
	D / dh / eps [axis=2] = (1.3651, 0.0313441, 3.13441e-05)
	Time (xeps): 0.001 s
Level 1
Level 0
	Set (0)  size: 17952
	Set (0)  time: 0.032 s
	Set (1)  size: 17952
	Set (1)  time: 0.018 s
Result:
	Bricks number:                        35904

	Memory usage:                         0.374 MB
	Memory usage (per brick):             0.011 KB
	Construction time:                    0.055 s

	Topology features:
	------------------
	- High quality bricks                 100.00 % (35904)
	- Medium quality bricks                 0.00 % (0)
	- Bad quality bricks                    0.00 % (0)
	- Ribs corrected bricks                 0.00 % (0)
	- Points with geom-info (bricks)        0.00 % (0)
	- Points with closest-info (bricks)     0.00 % (0)
	- Triangulated by center (bricks)       0.00 % (0)
	- Facet w-faces mergings (bricks)       0.00 % (0)
	- To refine (bricks)                    0.00 % (0)

-----------------------------------------------------------------------
Memory Working Set Current = 71.36 Mb, Memory Working Set Peak = 71.36 Mb
Process Threads Number: 21
-----------------------------------------------------------------------
-----------------------------------------------------------------------
-----------------------------------------------------------------------
MSH --> BCF format (Iteration 0)...
BCF collector...(remove mode=0)
	Time (alloc counter per brick): 0.001 s
	Brick    count: 35904
	Av.f all count: 35872
	Av.s all count: 208
	Av.f pid count: 176
	Av.s pid count: 176
	Faces fs count: 484
	Faces ff count: 0
	Faces ss count: 0
	Faces bb count: 0
	Faces fe count: 6532
	Faces se count: 0
	Faces fw count: 7016
	Faces af count: 104306
	Faces as count: 488
	Time (all count): 	0.006 s
	Time (bcf alloc): 	0.001 s
	Time (shifts alloc): 	0.002 s
	Time (shifts init): 	0.002 s
	Time (bcf fill): 	0.009 s
	Time (add av to faces): 0.000 s
	Time (add faces to av): 0.004 s
Time (bcf collect): 		0.031 s
	AV checker...
	Time (check av): 	0.021 s
	Subdomain checker...
		Subdomains construction time: 0.013 s.
		Subdomains sort time: 0.000 s.
			Subdomain 0 (geom_ind=0): 35872 av
			Subdomain 1 (geom_ind=1): 208 av
		gi: 0, subdomains: 1, real bodies: 1
		gi: 1, subdomains: 1, real bodies: 0
		Defect subdomains: 0
	Time (check subdoms): 	0.014 s
Time (bcf iteration total): 	0.067 s
	Time (fw-nb): 		0.001 s
	Fixed mutual fw-nb:     704 (bb: 0)
	Time (fw-nb mutual): 	0.001 s
	Time (fw-nb sort): 	0.000 s
	Fw-opt BEFORE total:    7016 (fs=484, ff=0, ss=0)
	Fw-opt AFTER  total:    6816 (fs=284, ff=0, ss=0, failed fw/br=0/0, big_curv=0, big_poly=0)
	Fw-opt RESULT:          200 (res/(fs+ff+ss) = 41.32 %)
	Time (fw-opt): 		0.002 s
	Time (fw-re-order): 	0.001 s
	Time (fw-nb): 		0.003 s
	Fixed mutual fw-nb:     13628 (bb: 0)
	Time (fw-nb mutual): 	0.002 s
	Time (fw-nb sort): 	0.001 s
	Time (rfd fix): 	0.000 s
	Time (av convexity): 	0.001 s
	Time (av small volume): 0.000 s
	Time (diagonal fw-nb): 	0.016 s
	Fixed mutual fw-nb:     0 (bb: 0)
	Time (fw-nb mutual): 	0.001 s
	Time (fw-nb sort): 	0.000 s
	Fluid subdomains: 1
	Faces fw-nb diff sd:    0
	Time (fw-nb diff sd): 	0.010 s
Time (bcf calc): 		0.045 s
-----------------------------------------------------------------------
Time (bcf total): 		0.113 s
-----------------------------------------------------------------------
-----------------------------------------------------------------------
Mega-cv constructor for fluid...
	 0 av's is treated as thin
Relative size generator (threshold = 0.05)...
	Iteration 1 (small cluster count = 0)
	 0 mega-cv's generated
	 0 mega-cv's removed
Relative size generator is completed OK (0.004 s)
Apply fa-rules to mega-cv clusters fixes...
OK (0.000 s)
Convert clusters:
	 0 mega-cv's total
Mega-cv count: 0
Time (mega-cv fill): 	0.000 s
Time (mega-cv total): 	0.014 s
-----------------------------------------------------------------------
Mixing plane rotation regions: NO.
Sliding mesh rotation regions: NO.
Fluid/fluid faces: NO.
----------------------------------------------------------
BCF --> BCF.GEOMSUBDOM (bridge arrays):
MESH (0):
	Fluid Subdom Constructor: 1 subdom(s).
	Solid Subdom Constructor: 1 subdom(s).
	Net Asm Subdom Constructor: 0 subdom(s).
	GEOMSUBDOM (0): gi=0 fluid av=35872 cv=35872 fa=104306 fb=0 fw=6816 V=2.532082e+00
	Cache data...OK
	GEOMSUBDOM (1): gi=1 solid av=208 cv=208 fa=488 fb=0 fw=284 V=3.915674e-03
	Cache data...OK
	Setting nb of w-faces...OK (0.003 s).
	Correcting nb of w-faces...
	Time(correct_fw_nb)=0.002 s

MESH (0) checking:
	GEOMSUBDOM (0):fa_s=178.1971834860633521 fb_s=0.0000000000000000 fw_s=11.3188324803838860 fw_nb=54488
	              :d_const(25140)=5.63365e-16 d_linear(18009)=3.88428e-15
	GEOMSUBDOM (1):fa_s=0.3501793835127350 fb_s=0.0000000000000000 fw_s=0.1607985142329194 fw_nb=2256
	              :d_const(150)=6.81498e-16 d_linear(42)=1.05476e-14
MESH (0) checking: OK.
Time (MDS): 	0.095 s
----------------------------------------------------------

-----------------------------------------------------------------------
BCF CHECKSUM DATA (Mesh 0):

BRICK |Level1| Sum:               0
FACE_A Area Sum:   G.Fluid        178.1971834860632953
FACE_A Area Sum:   G.Solid        0.3501793835127350
FACE_W Area Sum:                  11.3188324803838860
FACE_W Nb   Sum:                  54488
FACE_W min curvatures sum:        996.27848959
FACE_W max curvatures sum:        6758.74247456
AV Max Disbalance(Const) :        6.81498e-16 (cid=21104, t={32, 26, 38}, avid=36069, pid=165)
AV Max Disbalance(Linear):        1.05476e-14 (cid=16942, t={28, 38, 30}, avid=35920, pid=48)
-----------------------------------------------------------------------


-----------------------------------------------------------------------
MESHER TOPOLOGY DATA:

BRICKS: Total                 35904
BRICKS: 1-CV                  35728
BRICKS: 2-CV                  176
BRICKS: Bad                   0

AV:     G.Total               36080
AV:     G.Fluid               35872
AV:     G.Solid               208

AV:     G.Fluid Thin Profile    0.00 % (0)
AV:     G.Solid Thin Profile    0.00 % (0)

AV:     G.Fluid Thin For Mega   0.00 % (0)
AV:     G.Solid Thin For Mega   0.00 % (0)

AV:     G.Fluid Non-Convex      0.31 % (112)
AV:     G.Solid Non-Convex     29.33 % (61)

AV:     G.Fluid Non-Ess-Convex      0.22 % (80)
AV:     G.Solid Non-Ess-Convex     11.54 % (24)

FACE_A: G.Fluid          (af) 104306 (partially opened 348)
FACE_A: G.Solid          (as) 488 (partially opened 348)

FACE_B: G.Total          (b)  0

FACE_W: G.Total                 6816        Brick/Bound
FACE_W: G.Fluid/Solid    (fs_g) 284         0           
FACE_W: G.Fluid/Fluid    (ff_g) 0           0           
FACE_W: G.Solid/Solid    (ss_g) 0           0           
FACE_W: G.Fluid/External (fe_g) 6532
FACE_W: G.Solid/External (se_g) 0

AV/CV max fa count (on brick side):1
AV/CV max fw count:                1
AV/CV max fb count:                0
AV/CV max fw poly count:           6

MEMORY: Total                   10.943 MB
MEMORY: Per Brick               0.312 KB
-----------------------------------------------------------------------

-----------------------------------------------------------------------
Connectivities information:
	Number of conns: 0
-----------------------------------------------------------------------
	Time (gap size): 	0.004 s
-----------------------------------------------------------------------
Calculating curvature and tolerance criteria...
Curvature: min=0 max=1.59481
Tolerance: min=0 max=0.0101797
Calculating curvature and tolerance criteria takes 0.476 s
-----------------------------------------------------------------------
MESH Build(FS) finished. Time=1.311 s
-----------------------------------------------------------------------
Current CPU = 2 sec

Nx=32
Ny=34
Nz=33
Max BRICK Level=0
Mesh Level=1
-----------------CModelBodies2MeshMapper::CollectData started -------------------------------
-----------------CModelBodies2MeshMapper Report -------------------------------
FluidDomains 1 SolidDomains 1 VoidDomains 0 
Domains RefIndexes
Domain 0, Index count 14
Domain 1, Index count 14
----------------- -------------------------------
	ModelBodies
Total resolved Bodies 0 BodySets 0

--------------------------------------------------------------------------
	Positive geometry Bodies
Total resolved Bodies 1 BodySets 1
BodySet 0
	Bodies list:
			#0	Name: ;	ID: d35d6f9e-f13f-4cef-a95e-fe14dbac9a6a
	Domains list:		 0 

--------------------------------------------------------------------------
	Fluid regions
Total resolved Bodies 1 BodySets 1
BodySet 0	Material: Water; 
	Bodies list:
			#0	Name: ;	ID: d35d6f9e-f13f-4cef-a95e-fe14dbac9a6a
	Domains list:		 0 

--------------------------------------------------------------------------
-----------------CModelBodies2MeshMapper::CollectData finished successfully-------------------
Saving initial mesh in: E:\Study\BTP\1\1.fld .
Storing results...
Estimated CPT size=3.967 MB.
	Time (write bcf): 0.189 s
OK
-----------------------------------------------------------------------
Memory Working Set Current = 86.53 Mb, Memory Working Set Peak = 86.53 Mb
Process Threads Number: 21
-----------------------------------------------------------------------
Cleaning memory...
		Time (free xsl):                    	0.000 s
Free Geometry DB takes 0.000 s
	Time (free bcf): 	0.008 s
		Time (free bcf mesh):               	0.024 s
	Time (free mesher data):              	0.036 s
Copying... OK
Mesh generation normally finished at	30.4.2022	5:7:24
Mesher CPU = 2 sec
Mesher is finished at	30.4.2022	5:7:24
-----------------------------------------------------------------------
Memory Working Set Current = 38.37 Mb, Memory Working Set Peak = 87.14 Mb
Process Threads Number: 21
-----------------------------------------------------------------------
Algebra Pool      : mem_usage = 1.19 Mb, allocated count = 0
Log ended at 30.04.2022	05:07:25
